manifest_merge_blame_file/debug/manifest-merger-blame-debug-report.txt
1<?xml version="1.0" encoding="utf-8"?>
2<manifest xmlns:android="http://schemas.android.com/apk/res/android"
3    package="com.example.womensafetyapp"
4    android:versionCode="1"
5    android:versionName="1.0" >
6
7    <uses-sdk
8        android:minSdkVersion="24"
8-->src\main\AndroidManifest.xml
9        android:targetSdkVersion="33" />
9-->src\main\AndroidManifest.xml
10
11    <uses-permission android:name="android.permission.READ_EXTERNAL_STORAGE" />
11-->src\main\AndroidManifest.xml:5:5-80
11-->src\main\AndroidManifest.xml:5:22-77
12    <uses-permission android:name="android.permission.INTERNET" />
12-->[com.google.firebase:firebase-auth:21.1.0] AndroidManifest.xml:23:5-67
12-->[com.google.firebase:firebase-auth:21.1.0] AndroidManifest.xml:23:22-64
13    <uses-permission android:name="android.permission.ACCESS_NETWORK_STATE" />
13-->[com.google.firebase:firebase-auth:21.1.0] AndroidManifest.xml:24:5-79
13-->[com.google.firebase:firebase-auth:21.1.0] AndroidManifest.xml:24:22-76
14
15    <uses-feature
15-->[com.google.android.gms:play-services-maps:18.0.2] AndroidManifest.xml:26:5-28:35
16        android:glEsVersion="0x00020000"
16-->[com.google.android.gms:play-services-maps:18.0.2] AndroidManifest.xml:27:9-41
17        android:required="true" />
17-->[com.google.android.gms:play-services-maps:18.0.2] AndroidManifest.xml:28:9-32
18
19    <queries>
19-->[com.google.android.gms:play-services-maps:18.0.2] AndroidManifest.xml:30:5-34:15
20
21        <!-- Needs to be explicitly declared on Android R+ -->
22        <package android:name="com.google.android.apps.maps" />
22-->[com.google.android.gms:play-services-maps:18.0.2] AndroidManifest.xml:33:9-64
22-->[com.google.android.gms:play-services-maps:18.0.2] AndroidManifest.xml:33:18-61
23    </queries>
24
25    <permission
25-->[androidx.core:core:1.9.0] AndroidManifest.xml:22:5-24:47
26        android:name="com.example.womensafetyapp.DYNAMIC_RECEIVER_NOT_EXPORTED_PERMISSION"
26-->[androidx.core:core:1.9.0] AndroidManifest.xml:23:9-81
27        android:protectionLevel="signature" />
27-->[androidx.core:core:1.9.0] AndroidManifest.xml:24:9-44
28
29    <uses-permission android:name="com.example.womensafetyapp.DYNAMIC_RECEIVER_NOT_EXPORTED_PERMISSION" />
29-->[androidx.core:core:1.9.0] AndroidManifest.xml:26:5-97
29-->[androidx.core:core:1.9.0] AndroidManifest.xml:26:22-94
30
31    <application
31-->src\main\AndroidManifest.xml:7:5-109:19
32        android:allowBackup="true"
32-->src\main\AndroidManifest.xml:8:9-35
33        android:appComponentFactory="androidx.core.app.CoreComponentFactory"
33-->[androidx.core:core:1.9.0] AndroidManifest.xml:28:18-86
34        android:debuggable="true"
35        android:extractNativeLibs="false"
36        android:fullBackupContent="@xml/backup_rules"
36-->src\main\AndroidManifest.xml:9:9-54
37        android:icon="@mipmap/ic_launcher"
37-->src\main\AndroidManifest.xml:10:9-43
38        android:label="@string/app_name"
38-->src\main\AndroidManifest.xml:11:9-41
39        android:supportsRtl="true"
39-->src\main\AndroidManifest.xml:12:9-35
40        android:testOnly="true"
41        android:theme="@style/Theme.WomenSafetyApp" >
41-->src\main\AndroidManifest.xml:13:9-52
42        <activity
42-->src\main\AndroidManifest.xml:14:9-16:40
43            android:name="com.example.womensafetyapp.fc1"
43-->src\main\AndroidManifest.xml:15:13-32
44            android:exported="false" />
44-->src\main\AndroidManifest.xml:16:13-37
45        <activity
45-->src\main\AndroidManifest.xml:17:9-19:40
46            android:name="com.example.womensafetyapp.fact6"
46-->src\main\AndroidManifest.xml:18:13-34
47            android:exported="false" />
47-->src\main\AndroidManifest.xml:19:13-37
48        <activity
48-->src\main\AndroidManifest.xml:20:9-22:40
49            android:name="com.example.womensafetyapp.fact5"
49-->src\main\AndroidManifest.xml:21:13-34
50            android:exported="false" />
50-->src\main\AndroidManifest.xml:22:13-37
51        <!--
52             TODO: Before you run your application, you need a Google Maps API key.
53
54             To get one, follow the directions here:
55
56                https://developers.google.com/maps/documentation/android-sdk/get-api-key
57
58             Once you have your API key (it starts with "AIza"), define a new property in your
59             project's local.properties file (e.g. MAPS_API_KEY=Aiza...), and replace the
60             "YOUR_API_KEY" string in this file with "${MAPS_API_KEY}".
61        -->
62        <activity
62-->src\main\AndroidManifest.xml:34:9-36:40
63            android:name="com.example.womensafetyapp.AboutUs"
63-->src\main\AndroidManifest.xml:35:13-36
64            android:exported="false" />
64-->src\main\AndroidManifest.xml:36:13-37
65        <activity
65-->src\main\AndroidManifest.xml:37:9-39:40
66            android:name="com.example.womensafetyapp.profile"
66-->src\main\AndroidManifest.xml:38:13-36
67            android:exported="false" />
67-->src\main\AndroidManifest.xml:39:13-37
68        <activity
68-->src\main\AndroidManifest.xml:40:9-42:40
69            android:name="com.example.womensafetyapp.settings"
69-->src\main\AndroidManifest.xml:41:13-37
70            android:exported="false" />
70-->src\main\AndroidManifest.xml:42:13-37
71        <activity
71-->src\main\AndroidManifest.xml:43:9-45:40
72            android:name="com.example.womensafetyapp.confirmationMessage"
72-->src\main\AndroidManifest.xml:44:13-48
73            android:exported="false" />
73-->src\main\AndroidManifest.xml:45:13-37
74        <activity
74-->src\main\AndroidManifest.xml:46:9-48:40
75            android:name="com.example.womensafetyapp.policeStation"
75-->src\main\AndroidManifest.xml:47:13-42
76            android:exported="false" />
76-->src\main\AndroidManifest.xml:48:13-37
77        <activity
77-->src\main\AndroidManifest.xml:49:9-51:40
78            android:name="com.example.womensafetyapp.fact4"
78-->src\main\AndroidManifest.xml:50:13-34
79            android:exported="false" />
79-->src\main\AndroidManifest.xml:51:13-37
80        <activity
80-->src\main\AndroidManifest.xml:52:9-54:40
81            android:name="com.example.womensafetyapp.fact3"
81-->src\main\AndroidManifest.xml:53:13-34
82            android:exported="false" />
82-->src\main\AndroidManifest.xml:54:13-37
83        <activity
83-->src\main\AndroidManifest.xml:55:9-57:40
84            android:name="com.example.womensafetyapp.fact2"
84-->src\main\AndroidManifest.xml:56:13-34
85            android:exported="false" />
85-->src\main\AndroidManifest.xml:57:13-37
86        <activity
86-->src\main\AndroidManifest.xml:58:9-60:40
87            android:name="com.example.womensafetyapp.fact1"
87-->src\main\AndroidManifest.xml:59:13-34
88            android:exported="false" />
88-->src\main\AndroidManifest.xml:60:13-37
89        <activity
89-->src\main\AndroidManifest.xml:61:9-63:40
90            android:name="com.example.womensafetyapp.quickFacts"
90-->src\main\AndroidManifest.xml:62:13-39
91            android:exported="false" />
91-->src\main\AndroidManifest.xml:63:13-37
92        <activity
92-->src\main\AndroidManifest.xml:64:9-66:40
93            android:name="com.example.womensafetyapp.barangayHalls"
93-->src\main\AndroidManifest.xml:65:13-42
94            android:exported="false" />
94-->src\main\AndroidManifest.xml:66:13-37
95        <activity
95-->src\main\AndroidManifest.xml:67:9-69:40
96            android:name="com.example.womensafetyapp.hospital"
96-->src\main\AndroidManifest.xml:68:13-37
97            android:exported="false" />
97-->src\main\AndroidManifest.xml:69:13-37
98        <activity
98-->src\main\AndroidManifest.xml:70:9-72:40
99            android:name="com.example.womensafetyapp.helpCenters"
99-->src\main\AndroidManifest.xml:71:13-40
100            android:exported="false" />
100-->src\main\AndroidManifest.xml:72:13-37
101        <activity
101-->src\main\AndroidManifest.xml:73:9-75:40
102            android:name="com.example.womensafetyapp.fakeCall"
102-->src\main\AndroidManifest.xml:74:13-37
103            android:exported="false" />
103-->src\main\AndroidManifest.xml:75:13-37
104        <activity
104-->src\main\AndroidManifest.xml:76:9-78:40
105            android:name="com.example.womensafetyapp.addContact"
105-->src\main\AndroidManifest.xml:77:13-39
106            android:exported="false" />
106-->src\main\AndroidManifest.xml:78:13-37
107        <activity
107-->src\main\AndroidManifest.xml:79:9-81:40
108            android:name="com.example.womensafetyapp.contactList"
108-->src\main\AndroidManifest.xml:80:13-40
109            android:exported="false" />
109-->src\main\AndroidManifest.xml:81:13-37
110        <activity
110-->src\main\AndroidManifest.xml:82:9-84:40
111            android:name="com.example.womensafetyapp.dashboard"
111-->src\main\AndroidManifest.xml:83:13-38
112            android:exported="false" />
112-->src\main\AndroidManifest.xml:84:13-37
113        <activity
113-->src\main\AndroidManifest.xml:85:9-87:40
114            android:name="com.example.womensafetyapp.register"
114-->src\main\AndroidManifest.xml:86:13-37
115            android:exported="false" />
115-->src\main\AndroidManifest.xml:87:13-37
116        <activity
116-->src\main\AndroidManifest.xml:88:9-90:40
117            android:name="com.example.womensafetyapp.login"
117-->src\main\AndroidManifest.xml:89:13-34
118            android:exported="false" />
118-->src\main\AndroidManifest.xml:90:13-37
119        <activity
119-->src\main\AndroidManifest.xml:91:9-93:40
120            android:name="com.example.womensafetyapp.loginRegister"
120-->src\main\AndroidManifest.xml:92:13-42
121            android:exported="false" />
121-->src\main\AndroidManifest.xml:93:13-37
122        <activity
122-->src\main\AndroidManifest.xml:94:9-96:40
123            android:name="com.example.womensafetyapp.splashScreen"
123-->src\main\AndroidManifest.xml:95:13-41
124            android:exported="false" />
124-->src\main\AndroidManifest.xml:96:13-37
125        <activity
125-->src\main\AndroidManifest.xml:97:9-99:40
126            android:name="com.example.womensafetyapp.loadingScreen"
126-->src\main\AndroidManifest.xml:98:13-42
127            android:exported="false" />
127-->src\main\AndroidManifest.xml:99:13-37
128        <activity
128-->src\main\AndroidManifest.xml:100:9-108:20
129            android:name="com.example.womensafetyapp.MainActivity"
129-->src\main\AndroidManifest.xml:101:13-41
130            android:exported="true" >
130-->src\main\AndroidManifest.xml:102:13-36
131            <intent-filter>
131-->src\main\AndroidManifest.xml:103:13-107:29
132                <action android:name="android.intent.action.MAIN" />
132-->src\main\AndroidManifest.xml:104:17-69
132-->src\main\AndroidManifest.xml:104:25-66
133
134                <category android:name="android.intent.category.LAUNCHER" />
134-->src\main\AndroidManifest.xml:106:17-77
134-->src\main\AndroidManifest.xml:106:27-74
135            </intent-filter>
136        </activity>
137        <activity
137-->[com.google.firebase:firebase-auth:21.1.0] AndroidManifest.xml:27:9-44:20
138            android:name="com.google.firebase.auth.internal.GenericIdpActivity"
138-->[com.google.firebase:firebase-auth:21.1.0] AndroidManifest.xml:28:13-80
139            android:excludeFromRecents="true"
139-->[com.google.firebase:firebase-auth:21.1.0] AndroidManifest.xml:29:13-46
140            android:exported="true"
140-->[com.google.firebase:firebase-auth:21.1.0] AndroidManifest.xml:30:13-36
141            android:launchMode="singleTask"
141-->[com.google.firebase:firebase-auth:21.1.0] AndroidManifest.xml:31:13-44
142            android:theme="@android:style/Theme.Translucent.NoTitleBar" >
142-->[com.google.firebase:firebase-auth:21.1.0] AndroidManifest.xml:32:13-72
143            <intent-filter>
143-->[com.google.firebase:firebase-auth:21.1.0] AndroidManifest.xml:33:13-43:29
144                <action android:name="android.intent.action.VIEW" />
144-->[com.google.firebase:firebase-auth:21.1.0] AndroidManifest.xml:34:17-69
144-->[com.google.firebase:firebase-auth:21.1.0] AndroidManifest.xml:34:25-66
145
146                <category android:name="android.intent.category.DEFAULT" />
146-->[com.google.firebase:firebase-auth:21.1.0] AndroidManifest.xml:36:17-76
146-->[com.google.firebase:firebase-auth:21.1.0] AndroidManifest.xml:36:27-73
147                <category android:name="android.intent.category.BROWSABLE" />
147-->[com.google.firebase:firebase-auth:21.1.0] AndroidManifest.xml:37:17-78
147-->[com.google.firebase:firebase-auth:21.1.0] AndroidManifest.xml:37:27-75
148
149                <data
149-->[com.google.firebase:firebase-auth:21.1.0] AndroidManifest.xml:39:17-42:51
150                    android:host="firebase.auth"
150-->[com.google.firebase:firebase-auth:21.1.0] AndroidManifest.xml:40:21-49
151                    android:path="/"
151-->[com.google.firebase:firebase-auth:21.1.0] AndroidManifest.xml:41:21-37
152                    android:scheme="genericidp" />
152-->[com.google.firebase:firebase-auth:21.1.0] AndroidManifest.xml:42:21-48
153            </intent-filter>
154        </activity>
155        <activity
155-->[com.google.firebase:firebase-auth:21.1.0] AndroidManifest.xml:45:9-62:20
156            android:name="com.google.firebase.auth.internal.RecaptchaActivity"
156-->[com.google.firebase:firebase-auth:21.1.0] AndroidManifest.xml:46:13-79
157            android:excludeFromRecents="true"
157-->[com.google.firebase:firebase-auth:21.1.0] AndroidManifest.xml:47:13-46
158            android:exported="true"
158-->[com.google.firebase:firebase-auth:21.1.0] AndroidManifest.xml:48:13-36
159            android:launchMode="singleTask"
159-->[com.google.firebase:firebase-auth:21.1.0] AndroidManifest.xml:49:13-44
160            android:theme="@android:style/Theme.Translucent.NoTitleBar" >
160-->[com.google.firebase:firebase-auth:21.1.0] AndroidManifest.xml:50:13-72
161            <intent-filter>
161-->[com.google.firebase:firebase-auth:21.1.0] AndroidManifest.xml:51:13-61:29
162                <action android:name="android.intent.action.VIEW" />
162-->[com.google.firebase:firebase-auth:21.1.0] AndroidManifest.xml:34:17-69
162-->[com.google.firebase:firebase-auth:21.1.0] AndroidManifest.xml:34:25-66
163
164                <category android:name="android.intent.category.DEFAULT" />
164-->[com.google.firebase:firebase-auth:21.1.0] AndroidManifest.xml:36:17-76
164-->[com.google.firebase:firebase-auth:21.1.0] AndroidManifest.xml:36:27-73
165                <category android:name="android.intent.category.BROWSABLE" />
165-->[com.google.firebase:firebase-auth:21.1.0] AndroidManifest.xml:37:17-78
165-->[com.google.firebase:firebase-auth:21.1.0] AndroidManifest.xml:37:27-75
166
167                <data
167-->[com.google.firebase:firebase-auth:21.1.0] AndroidManifest.xml:39:17-42:51
168                    android:host="firebase.auth"
168-->[com.google.firebase:firebase-auth:21.1.0] AndroidManifest.xml:40:21-49
169                    android:path="/"
169-->[com.google.firebase:firebase-auth:21.1.0] AndroidManifest.xml:41:21-37
170                    android:scheme="recaptcha" />
170-->[com.google.firebase:firebase-auth:21.1.0] AndroidManifest.xml:42:21-48
171            </intent-filter>
172        </activity>
173
174        <service
174-->[com.google.firebase:firebase-auth:21.1.0] AndroidManifest.xml:64:9-70:19
175            android:name="com.google.firebase.components.ComponentDiscoveryService"
175-->[com.google.firebase:firebase-auth:21.1.0] AndroidManifest.xml:65:13-84
176            android:directBootAware="true"
176-->[com.google.firebase:firebase-common:20.2.0] AndroidManifest.xml:34:13-43
177            android:exported="false" >
177-->[com.google.firebase:firebase-auth:21.1.0] AndroidManifest.xml:66:13-37
178            <meta-data
178-->[com.google.firebase:firebase-auth:21.1.0] AndroidManifest.xml:67:13-69:85
179                android:name="com.google.firebase.components:com.google.firebase.auth.FirebaseAuthRegistrar"
179-->[com.google.firebase:firebase-auth:21.1.0] AndroidManifest.xml:68:17-109
180                android:value="com.google.firebase.components.ComponentRegistrar" />
180-->[com.google.firebase:firebase-auth:21.1.0] AndroidManifest.xml:69:17-82
181            <meta-data
181-->[com.google.firebase:firebase-database:20.0.4] AndroidManifest.xml:32:13-34:85
182                android:name="com.google.firebase.components:com.google.firebase.database.DatabaseRegistrar"
182-->[com.google.firebase:firebase-database:20.0.4] AndroidManifest.xml:33:17-109
183                android:value="com.google.firebase.components.ComponentRegistrar" />
183-->[com.google.firebase:firebase-database:20.0.4] AndroidManifest.xml:34:17-82
184            <meta-data
184-->[com.google.firebase:firebase-firestore:24.1.1] AndroidManifest.xml:20:13-22:85
185                android:name="com.google.firebase.components:com.google.firebase.firestore.FirestoreRegistrar"
185-->[com.google.firebase:firebase-firestore:24.1.1] AndroidManifest.xml:21:17-111
186                android:value="com.google.firebase.components.ComponentRegistrar" />
186-->[com.google.firebase:firebase-firestore:24.1.1] AndroidManifest.xml:22:17-82
187            <meta-data
187-->[com.google.firebase:firebase-storage:20.0.1] AndroidManifest.xml:33:13-35:85
188                android:name="com.google.firebase.components:com.google.firebase.storage.StorageRegistrar"
188-->[com.google.firebase:firebase-storage:20.0.1] AndroidManifest.xml:34:17-107
189                android:value="com.google.firebase.components.ComponentRegistrar" />
189-->[com.google.firebase:firebase-storage:20.0.1] AndroidManifest.xml:35:17-82
190        </service> <!-- Needs to be explicitly declared on P+ -->
191        <uses-library
191-->[com.google.android.gms:play-services-maps:18.0.2] AndroidManifest.xml:39:9-41:40
192            android:name="org.apache.http.legacy"
192-->[com.google.android.gms:play-services-maps:18.0.2] AndroidManifest.xml:40:13-50
193            android:required="false" />
193-->[com.google.android.gms:play-services-maps:18.0.2] AndroidManifest.xml:41:13-37
194
195        <provider
195-->[com.google.firebase:firebase-common:20.2.0] AndroidManifest.xml:25:9-30:39
196            android:name="com.google.firebase.provider.FirebaseInitProvider"
196-->[com.google.firebase:firebase-common:20.2.0] AndroidManifest.xml:26:13-77
197            android:authorities="com.example.womensafetyapp.firebaseinitprovider"
197-->[com.google.firebase:firebase-common:20.2.0] AndroidManifest.xml:27:13-72
198            android:directBootAware="true"
198-->[com.google.firebase:firebase-common:20.2.0] AndroidManifest.xml:28:13-43
199            android:exported="false"
199-->[com.google.firebase:firebase-common:20.2.0] AndroidManifest.xml:29:13-37
200            android:initOrder="100" />
200-->[com.google.firebase:firebase-common:20.2.0] AndroidManifest.xml:30:13-36
201
202        <activity
202-->[com.google.android.gms:play-services-base:18.0.1] AndroidManifest.xml:20:9-22:45
203            android:name="com.google.android.gms.common.api.GoogleApiActivity"
203-->[com.google.android.gms:play-services-base:18.0.1] AndroidManifest.xml:20:19-85
204            android:exported="false"
204-->[com.google.android.gms:play-services-base:18.0.1] AndroidManifest.xml:22:19-43
205            android:theme="@android:style/Theme.Translucent.NoTitleBar" />
205-->[com.google.android.gms:play-services-base:18.0.1] AndroidManifest.xml:21:19-78
206
207        <meta-data
207-->[com.google.android.gms:play-services-basement:18.1.0] AndroidManifest.xml:21:9-23:69
208            android:name="com.google.android.gms.version"
208-->[com.google.android.gms:play-services-basement:18.1.0] AndroidManifest.xml:22:13-58
209            android:value="@integer/google_play_services_version" />
209-->[com.google.android.gms:play-services-basement:18.1.0] AndroidManifest.xml:23:13-66
210
211        <provider
211-->[androidx.emoji2:emoji2:1.2.0] AndroidManifest.xml:24:9-32:20
212            android:name="androidx.startup.InitializationProvider"
212-->[androidx.emoji2:emoji2:1.2.0] AndroidManifest.xml:25:13-67
213            android:authorities="com.example.womensafetyapp.androidx-startup"
213-->[androidx.emoji2:emoji2:1.2.0] AndroidManifest.xml:26:13-68
214            android:exported="false" >
214-->[androidx.emoji2:emoji2:1.2.0] AndroidManifest.xml:27:13-37
215            <meta-data
215-->[androidx.emoji2:emoji2:1.2.0] AndroidManifest.xml:29:13-31:52
216                android:name="androidx.emoji2.text.EmojiCompatInitializer"
216-->[androidx.emoji2:emoji2:1.2.0] AndroidManifest.xml:30:17-75
217                android:value="androidx.startup" />
217-->[androidx.emoji2:emoji2:1.2.0] AndroidManifest.xml:31:17-49
218            <meta-data
218-->[androidx.lifecycle:lifecycle-process:2.4.1] AndroidManifest.xml:31:13-33:52
219                android:name="androidx.lifecycle.ProcessLifecycleInitializer"
219-->[androidx.lifecycle:lifecycle-process:2.4.1] AndroidManifest.xml:32:17-78
220                android:value="androidx.startup" />
220-->[androidx.lifecycle:lifecycle-process:2.4.1] AndroidManifest.xml:33:17-49
221        </provider>
222    </application>
223
224</manifest>